<?xml version="1.0" encoding="UTF-8" standalone="yes"?><!DOCTYPE report PUBLIC "-//JACOCO//DTD Report 1.1//EN" "report.dtd"><report name="YandexPraktikumSamokat"><sessioninfo id="WS-DABRETSOV-66844230" start="1637574871283" dump="1637574903469"/><package name="ru/yandex/praktikum"><class name="ru/yandex/praktikum/Landing" sourcefilename="Landing.java"><method name="&lt;init&gt;" desc="()V" line="15"><counter type="INSTRUCTION" missed="0" covered="8"/><counter type="LINE" missed="0" covered="2"/><counter type="COMPLEXITY" missed="0" covered="1"/><counter type="METHOD" missed="0" covered="1"/></method><method name="clickYandexLogo" desc="()V" line="262"><counter type="INSTRUCTION" missed="0" covered="47"/><counter type="LINE" missed="0" covered="6"/><counter type="COMPLEXITY" missed="0" covered="1"/><counter type="METHOD" missed="0" covered="1"/></method><method name="clickScooterLogo" desc="()V" line="272"><counter type="INSTRUCTION" missed="0" covered="46"/><counter type="LINE" missed="0" covered="6"/><counter type="COMPLEXITY" missed="0" covered="1"/><counter type="METHOD" missed="0" covered="1"/></method><method name="clickHeaderButtonOrder" desc="()V" line="283"><counter type="INSTRUCTION" missed="0" covered="35"/><counter type="LINE" missed="0" covered="4"/><counter type="COMPLEXITY" missed="0" covered="1"/><counter type="METHOD" missed="0" covered="1"/></method><method name="clickStatusOrderButton" desc="()V" line="291"><counter type="INSTRUCTION" missed="0" covered="6"/><counter type="LINE" missed="0" covered="2"/><counter type="COMPLEXITY" missed="0" covered="1"/><counter type="METHOD" missed="0" covered="1"/></method><method name="clickPlaceHolder" desc="()V" line="299"><counter type="INSTRUCTION" missed="0" covered="16"/><counter type="LINE" missed="0" covered="3"/><counter type="COMPLEXITY" missed="0" covered="1"/><counter type="METHOD" missed="0" covered="1"/></method><method name="checker" desc="(Lcom/codeborne/selenide/SelenideElement;Lcom/codeborne/selenide/Condition;)V" line="305"><counter type="INSTRUCTION" missed="0" covered="11"/><counter type="LINE" missed="0" covered="2"/><counter type="COMPLEXITY" missed="0" covered="1"/><counter type="METHOD" missed="0" covered="1"/></method><method name="clickGoButton" desc="()V" line="314"><counter type="INSTRUCTION" missed="0" covered="48"/><counter type="LINE" missed="0" covered="6"/><counter type="COMPLEXITY" missed="0" covered="1"/><counter type="METHOD" missed="0" covered="1"/></method><method name="findeImgScooter" desc="()V" line="323"><counter type="INSTRUCTION" missed="0" covered="15"/><counter type="LINE" missed="0" covered="3"/><counter type="COMPLEXITY" missed="0" covered="1"/><counter type="METHOD" missed="0" covered="1"/></method><method name="findeImgScooterTwo" desc="()V" line="329"><counter type="INSTRUCTION" missed="0" covered="15"/><counter type="LINE" missed="0" covered="3"/><counter type="COMPLEXITY" missed="0" covered="1"/><counter type="METHOD" missed="0" covered="1"/></method><method name="findeSamokatTwoDays" desc="()V" line="335"><counter type="INSTRUCTION" missed="0" covered="15"/><counter type="LINE" missed="0" covered="3"/><counter type="COMPLEXITY" missed="0" covered="1"/><counter type="METHOD" missed="0" covered="1"/></method><method name="findeSamokatTwoDaysSubText" desc="()V" line="341"><counter type="INSTRUCTION" missed="0" covered="15"/><counter type="LINE" missed="0" covered="3"/><counter type="COMPLEXITY" missed="0" covered="1"/><counter type="METHOD" missed="0" covered="1"/></method><method name="findeSamokatTwoDaysSubTextTwo" desc="()V" line="348"><counter type="INSTRUCTION" missed="0" covered="32"/><counter type="LINE" missed="0" covered="5"/><counter type="COMPLEXITY" missed="0" covered="1"/><counter type="METHOD" missed="0" covered="1"/></method><method name="findeSamokatModel" desc="()V" line="355"><counter type="INSTRUCTION" missed="0" covered="32"/><counter type="LINE" missed="0" covered="5"/><counter type="COMPLEXITY" missed="0" covered="1"/><counter type="METHOD" missed="0" covered="1"/></method><method name="findeSamokatMaxSpeedText" desc="()V" line="363"><counter type="INSTRUCTION" missed="0" covered="32"/><counter type="LINE" missed="0" covered="5"/><counter type="COMPLEXITY" missed="0" covered="1"/><counter type="METHOD" missed="0" covered="1"/></method><method name="findeSamokatMaxSpeed" desc="()V" line="373"><counter type="INSTRUCTION" missed="0" covered="32"/><counter type="LINE" missed="0" covered="5"/><counter type="COMPLEXITY" missed="0" covered="1"/><counter type="METHOD" missed="0" covered="1"/></method><method name="findeSamokatMileageWithouChargeText" desc="()V" line="380"><counter type="INSTRUCTION" missed="32" covered="0"/><counter type="LINE" missed="5" covered="0"/><counter type="COMPLEXITY" missed="1" covered="0"/><counter type="METHOD" missed="1" covered="0"/></method><method name="findeSamokatMileageWithouCharge" desc="()V" line="388"><counter type="INSTRUCTION" missed="0" covered="32"/><counter type="LINE" missed="0" covered="5"/><counter type="COMPLEXITY" missed="0" covered="1"/><counter type="METHOD" missed="0" covered="1"/></method><method name="findeSamokatWeightStrengthText" desc="()V" line="396"><counter type="INSTRUCTION" missed="0" covered="32"/><counter type="LINE" missed="0" covered="5"/><counter type="COMPLEXITY" missed="0" covered="1"/><counter type="METHOD" missed="0" covered="1"/></method><method name="findeSamokatWeightStrength" desc="()V" line="403"><counter type="INSTRUCTION" missed="0" covered="32"/><counter type="LINE" missed="0" covered="5"/><counter type="COMPLEXITY" missed="0" covered="1"/><counter type="METHOD" missed="0" covered="1"/></method><method name="findeHowItWork" desc="()V" line="411"><counter type="INSTRUCTION" missed="0" covered="32"/><counter type="LINE" missed="0" covered="5"/><counter type="COMPLEXITY" missed="0" covered="1"/><counter type="METHOD" missed="0" covered="1"/></method><method name="findeCircleOrderOne" desc="()V" line="419"><counter type="INSTRUCTION" missed="0" covered="16"/><counter type="LINE" missed="0" covered="3"/><counter type="COMPLEXITY" missed="0" covered="1"/><counter type="METHOD" missed="0" covered="1"/></method><method name="findeCircleOrderTwo" desc="()V" line="425"><counter type="INSTRUCTION" missed="0" covered="16"/><counter type="LINE" missed="0" covered="3"/><counter type="COMPLEXITY" missed="0" covered="1"/><counter type="METHOD" missed="0" covered="1"/></method><method name="findeCircleOrderThree" desc="()V" line="431"><counter type="INSTRUCTION" missed="0" covered="16"/><counter type="LINE" missed="0" covered="3"/><counter type="COMPLEXITY" missed="0" covered="1"/><counter type="METHOD" missed="0" covered="1"/></method><method name="findeCircleOrderFoure" desc="()V" line="437"><counter type="INSTRUCTION" missed="0" covered="16"/><counter type="LINE" missed="0" covered="3"/><counter type="COMPLEXITY" missed="0" covered="1"/><counter type="METHOD" missed="0" covered="1"/></method><method name="findeMakeOrderText" desc="()V" line="444"><counter type="INSTRUCTION" missed="0" covered="16"/><counter type="LINE" missed="0" covered="3"/><counter type="COMPLEXITY" missed="0" covered="1"/><counter type="METHOD" missed="0" covered="1"/></method><method name="findeMakeOrderSubText" desc="()V" line="450"><counter type="INSTRUCTION" missed="0" covered="16"/><counter type="LINE" missed="0" covered="3"/><counter type="COMPLEXITY" missed="0" covered="1"/><counter type="METHOD" missed="0" covered="1"/></method><method name="findeDeliverText" desc="()V" line="456"><counter type="INSTRUCTION" missed="0" covered="16"/><counter type="LINE" missed="0" covered="3"/><counter type="COMPLEXITY" missed="0" covered="1"/><counter type="METHOD" missed="0" covered="1"/></method><method name="findeDeliverSubText" desc="()V" line="462"><counter type="INSTRUCTION" missed="0" covered="16"/><counter type="LINE" missed="0" covered="3"/><counter type="COMPLEXITY" missed="0" covered="1"/><counter type="METHOD" missed="0" covered="1"/></method><method name="findeDriveText" desc="()V" line="468"><counter type="INSTRUCTION" missed="0" covered="16"/><counter type="LINE" missed="0" covered="3"/><counter type="COMPLEXITY" missed="0" covered="1"/><counter type="METHOD" missed="0" covered="1"/></method><method name="findeDriveSubText" desc="()V" line="474"><counter type="INSTRUCTION" missed="0" covered="16"/><counter type="LINE" missed="0" covered="3"/><counter type="COMPLEXITY" missed="0" covered="1"/><counter type="METHOD" missed="0" covered="1"/></method><method name="findeCourierReturnSamokatText" desc="()V" line="480"><counter type="INSTRUCTION" missed="0" covered="16"/><counter type="LINE" missed="0" covered="3"/><counter type="COMPLEXITY" missed="0" covered="1"/><counter type="METHOD" missed="0" covered="1"/></method><method name="findeCourierReturnSamokatSubText" desc="()V" line="486"><counter type="INSTRUCTION" missed="0" covered="16"/><counter type="LINE" missed="0" covered="3"/><counter type="COMPLEXITY" missed="0" covered="1"/><counter type="METHOD" missed="0" covered="1"/></method><method name="findeQuestionsAboutSamokat" desc="()V" line="495"><counter type="INSTRUCTION" missed="0" covered="32"/><counter type="LINE" missed="0" covered="5"/><counter type="COMPLEXITY" missed="0" covered="1"/><counter type="METHOD" missed="0" covered="1"/></method><method name="clickArrowButton" desc="(I)Lru/yandex/praktikum/Landing;" line="622"><counter type="INSTRUCTION" missed="0" covered="10"/><counter type="LINE" missed="0" covered="2"/><counter type="COMPLEXITY" missed="0" covered="1"/><counter type="METHOD" missed="0" covered="1"/></method><method name="TextShouldBeVisible" desc="(I)Lru/yandex/praktikum/Landing;" line="628"><counter type="INSTRUCTION" missed="0" covered="20"/><counter type="LINE" missed="0" covered="2"/><counter type="COMPLEXITY" missed="0" covered="1"/><counter type="METHOD" missed="0" covered="1"/></method><method name="findeFooterOrder" desc="()V" line="634"><counter type="INSTRUCTION" missed="0" covered="12"/><counter type="LINE" missed="0" covered="2"/><counter type="COMPLEXITY" missed="0" covered="1"/><counter type="METHOD" missed="0" covered="1"/></method><method name="clickCookies" desc="()V" line="639"><counter type="INSTRUCTION" missed="0" covered="12"/><counter type="LINE" missed="0" covered="2"/><counter type="COMPLEXITY" missed="0" covered="1"/><counter type="METHOD" missed="0" covered="1"/></method><counter type="INSTRUCTION" missed="32" covered="811"/><counter type="LINE" missed="5" covered="132"/><counter type="COMPLEXITY" missed="1" covered="37"/><counter type="METHOD" missed="1" covered="37"/><counter type="CLASS" missed="0" covered="1"/></class><class name="ru/yandex/praktikum/OrderingForWhoom" sourcefilename="OrderingForWhoom.java"><method name="&lt;init&gt;" desc="()V" line="11"><counter type="INSTRUCTION" missed="0" covered="3"/><counter type="LINE" missed="0" covered="1"/><counter type="COMPLEXITY" missed="0" covered="1"/><counter type="METHOD" missed="0" covered="1"/></method><method name="setName" desc="(Ljava/lang/String;)V" line="42"><counter type="INSTRUCTION" missed="0" covered="6"/><counter type="LINE" missed="0" covered="2"/><counter type="COMPLEXITY" missed="0" covered="1"/><counter type="METHOD" missed="0" covered="1"/></method><method name="setSurName" desc="(Ljava/lang/String;)V" line="47"><counter type="INSTRUCTION" missed="0" covered="6"/><counter type="LINE" missed="0" covered="2"/><counter type="COMPLEXITY" missed="0" covered="1"/><counter type="METHOD" missed="0" covered="1"/></method><method name="setAdress" desc="(Ljava/lang/String;)V" line="52"><counter type="INSTRUCTION" missed="0" covered="6"/><counter type="LINE" missed="0" covered="2"/><counter type="COMPLEXITY" missed="0" covered="1"/><counter type="METHOD" missed="0" covered="1"/></method><method name="setMetro" desc="(Ljava/lang/String;)V" line="57"><counter type="INSTRUCTION" missed="0" covered="24"/><counter type="LINE" missed="0" covered="4"/><counter type="COMPLEXITY" missed="0" covered="1"/><counter type="METHOD" missed="0" covered="1"/></method><method name="setNumberPhone" desc="(Ljava/lang/String;)V" line="64"><counter type="INSTRUCTION" missed="0" covered="6"/><counter type="LINE" missed="0" covered="2"/><counter type="COMPLEXITY" missed="0" covered="1"/><counter type="METHOD" missed="0" covered="1"/></method><method name="orderingFullFirstForm" desc="(Ljava/lang/String;Ljava/lang/String;Ljava/lang/String;Ljava/lang/String;Ljava/lang/String;)V" line="68"><counter type="INSTRUCTION" missed="0" covered="16"/><counter type="LINE" missed="0" covered="6"/><counter type="COMPLEXITY" missed="0" covered="1"/><counter type="METHOD" missed="0" covered="1"/></method><method name="clickButtonNext" desc="()V" line="79"><counter type="INSTRUCTION" missed="0" covered="11"/><counter type="LINE" missed="0" covered="2"/><counter type="COMPLEXITY" missed="0" covered="1"/><counter type="METHOD" missed="0" covered="1"/></method><counter type="INSTRUCTION" missed="0" covered="78"/><counter type="LINE" missed="0" covered="21"/><counter type="COMPLEXITY" missed="0" covered="8"/><counter type="METHOD" missed="0" covered="8"/><counter type="CLASS" missed="0" covered="1"/></class><class name="ru/yandex/praktikum/OrderingFormAboutOrder" sourcefilename="OrderingFormAboutOrder.java"><method name="&lt;init&gt;" desc="()V" line="11"><counter type="INSTRUCTION" missed="0" covered="3"/><counter type="LINE" missed="0" covered="1"/><counter type="COMPLEXITY" missed="0" covered="1"/><counter type="METHOD" missed="0" covered="1"/></method><method name="clickMakeOrder" desc="()V" line="57"><counter type="INSTRUCTION" missed="11" covered="0"/><counter type="LINE" missed="2" covered="0"/><counter type="COMPLEXITY" missed="1" covered="0"/><counter type="METHOD" missed="1" covered="0"/></method><method name="checkModalHeader" desc="()V" line="63"><counter type="INSTRUCTION" missed="11" covered="0"/><counter type="LINE" missed="2" covered="0"/><counter type="COMPLEXITY" missed="1" covered="0"/><counter type="METHOD" missed="1" covered="0"/></method><method name="clickMakeСonfirm" desc="()V" line="68"><counter type="INSTRUCTION" missed="11" covered="0"/><counter type="LINE" missed="2" covered="0"/><counter type="COMPLEXITY" missed="1" covered="0"/><counter type="METHOD" missed="1" covered="0"/></method><method name="ceckСonfirm" desc="()V" line="73"><counter type="INSTRUCTION" missed="11" covered="0"/><counter type="LINE" missed="1" covered="0"/><counter type="COMPLEXITY" missed="1" covered="0"/><counter type="METHOD" missed="1" covered="0"/></method><method name="setDate" desc="(Ljava/lang/String;)V" line="78"><counter type="INSTRUCTION" missed="15" covered="0"/><counter type="LINE" missed="3" covered="0"/><counter type="COMPLEXITY" missed="1" covered="0"/><counter type="METHOD" missed="1" covered="0"/></method><method name="setArenda" desc="()V" line="83"><counter type="INSTRUCTION" missed="7" covered="0"/><counter type="LINE" missed="3" covered="0"/><counter type="COMPLEXITY" missed="1" covered="0"/><counter type="METHOD" missed="1" covered="0"/></method><method name="setColor" desc="()V" line="90"><counter type="INSTRUCTION" missed="4" covered="0"/><counter type="LINE" missed="2" covered="0"/><counter type="COMPLEXITY" missed="1" covered="0"/><counter type="METHOD" missed="1" covered="0"/></method><method name="setComment" desc="(Ljava/lang/String;)V" line="95"><counter type="INSTRUCTION" missed="6" covered="0"/><counter type="LINE" missed="2" covered="0"/><counter type="COMPLEXITY" missed="1" covered="0"/><counter type="METHOD" missed="1" covered="0"/></method><method name="orderingFullSecondForm" desc="(Ljava/lang/String;Ljava/lang/String;)V" line="100"><counter type="INSTRUCTION" missed="11" covered="0"/><counter type="LINE" missed="5" covered="0"/><counter type="COMPLEXITY" missed="1" covered="0"/><counter type="METHOD" missed="1" covered="0"/></method><counter type="INSTRUCTION" missed="87" covered="3"/><counter type="LINE" missed="22" covered="1"/><counter type="COMPLEXITY" missed="9" covered="1"/><counter type="METHOD" missed="9" covered="1"/><counter type="CLASS" missed="0" covered="1"/></class><sourcefile name="Landing.java"><line nr="15" mi="0" ci="2" mb="0" cb="0"/><line nr="255" mi="0" ci="6" mb="0" cb="0"/><line nr="262" mi="0" ci="10" mb="0" cb="0"/><line nr="263" mi="0" ci="12" mb="0" cb="0"/><line nr="264" mi="0" ci="9" mb="0" cb="0"/><line nr="265" mi="0" ci="4" mb="0" cb="0"/><line nr="266" mi="0" ci="11" mb="0" cb="0"/><line nr="267" mi="0" ci="1" mb="0" cb="0"/><line nr="272" mi="0" ci="10" mb="0" cb="0"/><line nr="273" mi="0" ci="12" mb="0" cb="0"/><line nr="274" mi="0" ci="9" mb="0" cb="0"/><line nr="275" mi="0" ci="4" mb="0" cb="0"/><line nr="276" mi="0" ci="10" mb="0" cb="0"/><line nr="277" mi="0" ci="1" mb="0" cb="0"/><line nr="283" mi="0" ci="11" mb="0" cb="0"/><line nr="284" mi="0" ci="11" mb="0" cb="0"/><line nr="285" mi="0" ci="12" mb="0" cb="0"/><line nr="286" mi="0" ci="1" mb="0" cb="0"/><line nr="291" mi="0" ci="5" mb="0" cb="0"/><line nr="292" mi="0" ci="1" mb="0" cb="0"/><line nr="299" mi="0" ci="5" mb="0" cb="0"/><line nr="301" mi="0" ci="10" mb="0" cb="0"/><line nr="302" mi="0" ci="1" mb="0" cb="0"/><line nr="305" mi="0" ci="10" mb="0" cb="0"/><line nr="306" mi="0" ci="1" mb="0" cb="0"/><line nr="314" mi="0" ci="10" mb="0" cb="0"/><line nr="315" mi="0" ci="10" mb="0" cb="0"/><line nr="316" mi="0" ci="6" mb="0" cb="0"/><line nr="317" mi="0" ci="10" mb="0" cb="0"/><line nr="318" mi="0" ci="11" mb="0" cb="0"/><line nr="319" mi="0" ci="1" mb="0" cb="0"/><line nr="323" mi="0" ci="10" mb="0" cb="0"/><line nr="324" mi="0" ci="4" mb="0" cb="0"/><line nr="325" mi="0" ci="1" mb="0" cb="0"/><line nr="329" mi="0" ci="10" mb="0" cb="0"/><line nr="330" mi="0" ci="4" mb="0" cb="0"/><line nr="331" mi="0" ci="1" mb="0" cb="0"/><line nr="335" mi="0" ci="10" mb="0" cb="0"/><line nr="336" mi="0" ci="4" mb="0" cb="0"/><line nr="337" mi="0" ci="1" mb="0" cb="0"/><line nr="341" mi="0" ci="10" mb="0" cb="0"/><line nr="342" mi="0" ci="4" mb="0" cb="0"/><line nr="343" mi="0" ci="1" mb="0" cb="0"/><line nr="348" mi="0" ci="11" mb="0" cb="0"/><line nr="349" mi="0" ci="4" mb="0" cb="0"/><line nr="350" mi="0" ci="12" mb="0" cb="0"/><line nr="351" mi="0" ci="4" mb="0" cb="0"/><line nr="352" mi="0" ci="1" mb="0" cb="0"/><line nr="355" mi="0" ci="11" mb="0" cb="0"/><line nr="356" mi="0" ci="4" mb="0" cb="0"/><line nr="357" mi="0" ci="12" mb="0" cb="0"/><line nr="358" mi="0" ci="4" mb="0" cb="0"/><line nr="359" mi="0" ci="1" mb="0" cb="0"/><line nr="363" mi="0" ci="11" mb="0" cb="0"/><line nr="364" mi="0" ci="4" mb="0" cb="0"/><line nr="365" mi="0" ci="12" mb="0" cb="0"/><line nr="366" mi="0" ci="4" mb="0" cb="0"/><line nr="367" mi="0" ci="1" mb="0" cb="0"/><line nr="373" mi="0" ci="11" mb="0" cb="0"/><line nr="374" mi="0" ci="4" mb="0" cb="0"/><line nr="375" mi="0" ci="12" mb="0" cb="0"/><line nr="376" mi="0" ci="4" mb="0" cb="0"/><line nr="377" mi="0" ci="1" mb="0" cb="0"/><line nr="380" mi="11" ci="0" mb="0" cb="0"/><line nr="381" mi="4" ci="0" mb="0" cb="0"/><line nr="382" mi="12" ci="0" mb="0" cb="0"/><line nr="383" mi="4" ci="0" mb="0" cb="0"/><line nr="384" mi="1" ci="0" mb="0" cb="0"/><line nr="388" mi="0" ci="11" mb="0" cb="0"/><line nr="389" mi="0" ci="4" mb="0" cb="0"/><line nr="390" mi="0" ci="12" mb="0" cb="0"/><line nr="391" mi="0" ci="4" mb="0" cb="0"/><line nr="392" mi="0" ci="1" mb="0" cb="0"/><line nr="396" mi="0" ci="11" mb="0" cb="0"/><line nr="397" mi="0" ci="4" mb="0" cb="0"/><line nr="398" mi="0" ci="12" mb="0" cb="0"/><line nr="399" mi="0" ci="4" mb="0" cb="0"/><line nr="400" mi="0" ci="1" mb="0" cb="0"/><line nr="403" mi="0" ci="11" mb="0" cb="0"/><line nr="404" mi="0" ci="4" mb="0" cb="0"/><line nr="405" mi="0" ci="12" mb="0" cb="0"/><line nr="406" mi="0" ci="4" mb="0" cb="0"/><line nr="407" mi="0" ci="1" mb="0" cb="0"/><line nr="411" mi="0" ci="11" mb="0" cb="0"/><line nr="412" mi="0" ci="4" mb="0" cb="0"/><line nr="413" mi="0" ci="12" mb="0" cb="0"/><line nr="414" mi="0" ci="4" mb="0" cb="0"/><line nr="415" mi="0" ci="1" mb="0" cb="0"/><line nr="419" mi="0" ci="11" mb="0" cb="0"/><line nr="420" mi="0" ci="4" mb="0" cb="0"/><line nr="421" mi="0" ci="1" mb="0" cb="0"/><line nr="425" mi="0" ci="11" mb="0" cb="0"/><line nr="426" mi="0" ci="4" mb="0" cb="0"/><line nr="427" mi="0" ci="1" mb="0" cb="0"/><line nr="431" mi="0" ci="11" mb="0" cb="0"/><line nr="432" mi="0" ci="4" mb="0" cb="0"/><line nr="433" mi="0" ci="1" mb="0" cb="0"/><line nr="437" mi="0" ci="11" mb="0" cb="0"/><line nr="438" mi="0" ci="4" mb="0" cb="0"/><line nr="439" mi="0" ci="1" mb="0" cb="0"/><line nr="444" mi="0" ci="11" mb="0" cb="0"/><line nr="445" mi="0" ci="4" mb="0" cb="0"/><line nr="446" mi="0" ci="1" mb="0" cb="0"/><line nr="450" mi="0" ci="11" mb="0" cb="0"/><line nr="451" mi="0" ci="4" mb="0" cb="0"/><line nr="452" mi="0" ci="1" mb="0" cb="0"/><line nr="456" mi="0" ci="11" mb="0" cb="0"/><line nr="457" mi="0" ci="4" mb="0" cb="0"/><line nr="458" mi="0" ci="1" mb="0" cb="0"/><line nr="462" mi="0" ci="11" mb="0" cb="0"/><line nr="463" mi="0" ci="4" mb="0" cb="0"/><line nr="464" mi="0" ci="1" mb="0" cb="0"/><line nr="468" mi="0" ci="11" mb="0" cb="0"/><line nr="469" mi="0" ci="4" mb="0" cb="0"/><line nr="470" mi="0" ci="1" mb="0" cb="0"/><line nr="474" mi="0" ci="11" mb="0" cb="0"/><line nr="475" mi="0" ci="4" mb="0" cb="0"/><line nr="476" mi="0" ci="1" mb="0" cb="0"/><line nr="480" mi="0" ci="11" mb="0" cb="0"/><line nr="481" mi="0" ci="4" mb="0" cb="0"/><line nr="482" mi="0" ci="1" mb="0" cb="0"/><line nr="486" mi="0" ci="11" mb="0" cb="0"/><line nr="487" mi="0" ci="4" mb="0" cb="0"/><line nr="488" mi="0" ci="1" mb="0" cb="0"/><line nr="495" mi="0" ci="11" mb="0" cb="0"/><line nr="496" mi="0" ci="4" mb="0" cb="0"/><line nr="497" mi="0" ci="12" mb="0" cb="0"/><line nr="498" mi="0" ci="4" mb="0" cb="0"/><line nr="499" mi="0" ci="1" mb="0" cb="0"/><line nr="622" mi="0" ci="8" mb="0" cb="0"/><line nr="623" mi="0" ci="2" mb="0" cb="0"/><line nr="628" mi="0" ci="18" mb="0" cb="0"/><line nr="629" mi="0" ci="2" mb="0" cb="0"/><line nr="634" mi="0" ci="11" mb="0" cb="0"/><line nr="635" mi="0" ci="1" mb="0" cb="0"/><line nr="639" mi="0" ci="11" mb="0" cb="0"/><line nr="640" mi="0" ci="1" mb="0" cb="0"/><counter type="INSTRUCTION" missed="32" covered="811"/><counter type="LINE" missed="5" covered="132"/><counter type="COMPLEXITY" missed="1" covered="37"/><counter type="METHOD" missed="1" covered="37"/><counter type="CLASS" missed="0" covered="1"/></sourcefile><sourcefile name="OrderingForWhoom.java"><line nr="11" mi="0" ci="3" mb="0" cb="0"/><line nr="42" mi="0" ci="5" mb="0" cb="0"/><line nr="43" mi="0" ci="1" mb="0" cb="0"/><line nr="47" mi="0" ci="5" mb="0" cb="0"/><line nr="48" mi="0" ci="1" mb="0" cb="0"/><line nr="52" mi="0" ci="5" mb="0" cb="0"/><line nr="53" mi="0" ci="1" mb="0" cb="0"/><line nr="57" mi="0" ci="5" mb="0" cb="0"/><line nr="58" mi="0" ci="9" mb="0" cb="0"/><line nr="59" mi="0" ci="9" mb="0" cb="0"/><line nr="60" mi="0" ci="1" mb="0" cb="0"/><line nr="64" mi="0" ci="5" mb="0" cb="0"/><line nr="65" mi="0" ci="1" mb="0" cb="0"/><line nr="68" mi="0" ci="3" mb="0" cb="0"/><line nr="69" mi="0" ci="3" mb="0" cb="0"/><line nr="70" mi="0" ci="3" mb="0" cb="0"/><line nr="71" mi="0" ci="3" mb="0" cb="0"/><line nr="72" mi="0" ci="3" mb="0" cb="0"/><line nr="74" mi="0" ci="1" mb="0" cb="0"/><line nr="79" mi="0" ci="10" mb="0" cb="0"/><line nr="80" mi="0" ci="1" mb="0" cb="0"/><counter type="INSTRUCTION" missed="0" covered="78"/><counter type="LINE" missed="0" covered="21"/><counter type="COMPLEXITY" missed="0" covered="8"/><counter type="METHOD" missed="0" covered="8"/><counter type="CLASS" missed="0" covered="1"/></sourcefile><sourcefile name="OrderingFormAboutOrder.java"><line nr="11" mi="0" ci="3" mb="0" cb="0"/><line nr="57" mi="10" ci="0" mb="0" cb="0"/><line nr="59" mi="1" ci="0" mb="0" cb="0"/><line nr="63" mi="10" ci="0" mb="0" cb="0"/><line nr="64" mi="1" ci="0" mb="0" cb="0"/><line nr="68" mi="10" ci="0" mb="0" cb="0"/><line nr="69" mi="1" ci="0" mb="0" cb="0"/><line nr="73" mi="11" ci="0" mb="0" cb="0"/><line nr="78" mi="5" ci="0" mb="0" cb="0"/><line nr="79" mi="9" ci="0" mb="0" cb="0"/><line nr="80" mi="1" ci="0" mb="0" cb="0"/><line nr="83" mi="3" ci="0" mb="0" cb="0"/><line nr="84" mi="3" ci="0" mb="0" cb="0"/><line nr="85" mi="1" ci="0" mb="0" cb="0"/><line nr="90" mi="3" ci="0" mb="0" cb="0"/><line nr="91" mi="1" ci="0" mb="0" cb="0"/><line nr="95" mi="5" ci="0" mb="0" cb="0"/><line nr="96" mi="1" ci="0" mb="0" cb="0"/><line nr="100" mi="3" ci="0" mb="0" cb="0"/><line nr="101" mi="2" ci="0" mb="0" cb="0"/><line nr="102" mi="2" ci="0" mb="0" cb="0"/><line nr="103" mi="3" ci="0" mb="0" cb="0"/><line nr="104" mi="1" ci="0" mb="0" cb="0"/><counter type="INSTRUCTION" missed="87" covered="3"/><counter type="LINE" missed="22" covered="1"/><counter type="COMPLEXITY" missed="9" covered="1"/><counter type="METHOD" missed="9" covered="1"/><counter type="CLASS" missed="0" covered="1"/></sourcefile><counter type="INSTRUCTION" missed="119" covered="892"/><counter type="LINE" missed="27" covered="154"/><counter type="COMPLEXITY" missed="10" covered="46"/><counter type="METHOD" missed="10" covered="46"/><counter type="CLASS" missed="0" covered="3"/></package><counter type="INSTRUCTION" missed="119" covered="892"/><counter type="LINE" missed="27" covered="154"/><counter type="COMPLEXITY" missed="10" covered="46"/><counter type="METHOD" missed="10" covered="46"/><counter type="CLASS" missed="0" covered="3"/></report>