<?xml version="1.0" encoding="UTF-8" ?>
<testsuite tests="30" failures="0" name="ru.yandex.praktikum.LandingTest" time="21.786" errors="0" skipped="0">
  <properties>
[...]
</properties>
  <testcase classname="ru.yandex.praktikum.LandingTest" name="testStatusOrderThree" time="0.584"/>
  <testcase classname="ru.yandex.praktikum.LandingTest" name="testImageScooterTwo" time="0.367"/>
  <testcase classname="ru.yandex.praktikum.LandingTest" name="testDeriveText" time="0.495"/>
  <testcase classname="ru.yandex.praktikum.LandingTest" name="testHowItWork" time="0.635"/>
  <testcase classname="ru.yandex.praktikum.LandingTest" name="testSamokatWeightText" time="0.6"/>
  <testcase classname="ru.yandex.praktikum.LandingTest" name="testDeliverText" time="0.516"/>
  <testcase classname="ru.yandex.praktikum.LandingTest" name="testQuestionsAboutSamokat" time="0.523"/>
  <testcase classname="ru.yandex.praktikum.LandingTest" name="testDeliverSubText" time="0.443"/>
  <testcase classname="ru.yandex.praktikum.LandingTest" name="testSamokatModel" time="0.5"/>
  <testcase classname="ru.yandex.praktikum.LandingTest" name="testSamokatWeight" time="0.53"/>
  <testcase classname="ru.yandex.praktikum.LandingTest" name="testButtonGoOrder" time="1.527"/>
  <testcase classname="ru.yandex.praktikum.LandingTest" name="testSamokatTwoDaysSubTextTwo" time="0.615"/>
  <testcase classname="ru.yandex.praktikum.LandingTest" name="testImageScooter" time="2.166"/>
  <testcase classname="ru.yandex.praktikum.LandingTest" name="testSamokatMaxSpeed" time="0.67"/>
  <testcase classname="ru.yandex.praktikum.LandingTest" name="testMakeOrderText" time="3.37"/>
  <testcase classname="ru.yandex.praktikum.LandingTest" name="testSamokatTwoDays" time="0.467"/>
  <testcase classname="ru.yandex.praktikum.LandingTest" name="testHeaderButtonOrder" time="0.735"/>
  <testcase classname="ru.yandex.praktikum.LandingTest" name="testSamokatMileageWithoutChardge" time="0.785"/>
  <testcase classname="ru.yandex.praktikum.LandingTest" name="testCourierReturnsamokatText" time="0.553"/>
  <testcase classname="ru.yandex.praktikum.LandingTest" name="testFooterOrder" time="0.426"/>
  <testcase classname="ru.yandex.praktikum.LandingTest" name="testSamokatMaxSpeedText" time="0.468"/>
  <testcase classname="ru.yandex.praktikum.LandingTest" name="testMakeOrderSubText" time="0.551"/>
  <testcase classname="ru.yandex.praktikum.LandingTest" name="testStatusOrderOne" time="0.511"/>
  <testcase classname="ru.yandex.praktikum.LandingTest" name="testStatusOrderTwo" time="0.425"/>
  <testcase classname="ru.yandex.praktikum.LandingTest" name="testCourierReturnsamokatSubText" time="0.499"/>
  <testcase classname="ru.yandex.praktikum.LandingTest" name="testSamokatTwoDaysSubText" time="0.375"/>
  <testcase classname="ru.yandex.praktikum.LandingTest" name="testplaceHolder" time="0.982"/>
  <testcase classname="ru.yandex.praktikum.LandingTest" name="testDeriveSubText" time="0.482"/>
  <testcase classname="ru.yandex.praktikum.LandingTest" name="testStatusOrderButton" time="0.528"/>
  <testcase classname="ru.yandex.praktikum.LandingTest" name="testStatusOrderFoure" time="0.458"/>
</testsuite>